==77923== Memcheck, a memory error detector
==77923== Copyright (C) 2002-2017, and GNU GPL'd, by Julian Seward et al.
==77923== Using Valgrind-3.18.1 and LibVEX; rerun with -h for copyright info
==77923== Command: ././s21_grep -c -v -h -f no_pattern.txt no_file.txt
==77923== Parent PID: 61841
==77923== 
==77923== 
==77923== Process terminating with default action of signal 2 (SIGINT)
==77923==    at 0x4978539: open (open64.c:41)
==77923==    by 0x48F00B5: _IO_file_open (fileops.c:188)
==77923==    by 0x48F0411: _IO_file_fopen@@GLIBC_2.2.5 (fileops.c:280)
==77923==    by 0x48E36AD: __fopen_internal (iofopen.c:75)
==77923==    by 0x48E36AD: fopen@@GLIBC_2.2.5 (iofopen.c:86)
==77923==    by 0x1099FA: pattern_from_file (in /mnt/e/21/simple_bush_with_leak_script/grep28jan/grep_for_push/C3_SimpleBashUtils-1/src/grep/s21_grep)
==77923==    by 0x109681: parse_flags (in /mnt/e/21/simple_bush_with_leak_script/grep28jan/grep_for_push/C3_SimpleBashUtils-1/src/grep/s21_grep)
==77923==    by 0x1093E8: main (in /mnt/e/21/simple_bush_with_leak_script/grep28jan/grep_for_push/C3_SimpleBashUtils-1/src/grep/s21_grep)
==77923== 
==77923== HEAP SUMMARY:
==77923==     in use at exit: 1,497 bytes in 2 blocks
==77923==   total heap usage: 2 allocs, 0 frees, 1,497 bytes allocated
==77923== 
==77923== 472 bytes in 1 blocks are still reachable in loss record 1 of 2
==77923==    at 0x4848899: malloc (in /usr/libexec/valgrind/vgpreload_memcheck-amd64-linux.so)
==77923==    by 0x48E364D: __fopen_internal (iofopen.c:65)
==77923==    by 0x48E364D: fopen@@GLIBC_2.2.5 (iofopen.c:86)
==77923==    by 0x1099FA: pattern_from_file (in /mnt/e/21/simple_bush_with_leak_script/grep28jan/grep_for_push/C3_SimpleBashUtils-1/src/grep/s21_grep)
==77923==    by 0x109681: parse_flags (in /mnt/e/21/simple_bush_with_leak_script/grep28jan/grep_for_push/C3_SimpleBashUtils-1/src/grep/s21_grep)
==77923==    by 0x1093E8: main (in /mnt/e/21/simple_bush_with_leak_script/grep28jan/grep_for_push/C3_SimpleBashUtils-1/src/grep/s21_grep)
==77923== 
==77923== 1,025 bytes in 1 blocks are still reachable in loss record 2 of 2
==77923==    at 0x4848899: malloc (in /usr/libexec/valgrind/vgpreload_memcheck-amd64-linux.so)
==77923==    by 0x1093C3: main (in /mnt/e/21/simple_bush_with_leak_script/grep28jan/grep_for_push/C3_SimpleBashUtils-1/src/grep/s21_grep)
==77923== 
==77923== LEAK SUMMARY:
==77923==    definitely lost: 0 bytes in 0 blocks
==77923==    indirectly lost: 0 bytes in 0 blocks
==77923==      possibly lost: 0 bytes in 0 blocks
==77923==    still reachable: 1,497 bytes in 2 blocks
==77923==         suppressed: 0 bytes in 0 blocks
==77923== 
==77923== For lists of detected and suppressed errors, rerun with: -s
==77923== ERROR SUMMARY: 0 errors from 0 contexts (suppressed: 0 from 0)
